#
# There is insufficient memory for the Java Runtime Environment to continue.
# Native memory allocation (malloc) failed to allocate 1067216 bytes for Chunk::new
# Possible reasons:
#   The system is out of physical RAM or swap space
#   The process is running with CompressedOops enabled, and the Java Heap may be blocking the growth of the native heap
# Possible solutions:
#   Reduce memory load on the system
#   Increase physical memory or swap space
#   Check if swap backing store is full
#   Decrease Java heap size (-Xmx/-Xms)
#   Decrease number of Java threads
#   Decrease Java thread stack sizes (-Xss)
#   Set larger code cache with -XX:ReservedCodeCacheSize=
#   JVM is running with Zero Based Compressed Oops mode in which the Java heap is
#     placed in the first 32GB address space. The Java Heap base address is the
#     maximum limit for the native heap growth. Please use -XX:HeapBaseMinAddress
#     to set the Java Heap base and to place the Java Heap above 32GB virtual address.
# This output file may be truncated or incomplete.
#
#  Out of Memory Error (./open/src/hotspot/share/memory/arena.cpp:197), pid=17132, tid=2112
#
# JRE version: Java(TM) SE Runtime Environment 18.9 (11.0.12+8) (build 11.0.12+8-LTS-237)
# Java VM: Java HotSpot(TM) 64-Bit Server VM 18.9 (11.0.12+8-LTS-237, mixed mode, tiered, compressed oops, g1 gc, windows-amd64)
# No core dump will be written. Minidumps are not enabled by default on client versions of Windows
#

---------------  S U M M A R Y ------------

Command Line: -javaagent:C:\Program Files\JetBrains\IntelliJ IDEA Community Edition 2021.1.3\lib\idea_rt.jar=6755:C:\Program Files\JetBrains\IntelliJ IDEA Community Edition 2021.1.3\bin -Dfile.encoding=UTF-8 com.dormammu.BooklogWeb.BooklogWebApplication

Host: 11th Gen Intel(R) Core(TM) i7-1165G7 @ 2.80GHz, 8 cores, 15G,  Windows 10 , 64 bit Build 19041 (10.0.19041.1806)
Time: Sat Jul 23 15:31:32 2022 대한민국 표준시 elapsed time: 40.179881 seconds (0d 0h 0m 40s)

---------------  T H R E A D  ---------------

Current thread (0x0000021fff6df000):  JavaThread "C2 CompilerThread1" daemon [_thread_in_native, id=2112, stack(0x0000003f07200000,0x0000003f07300000)]


Current CompileTask:
C2:  40179 7221       4       java.util.TreeMap::put (247 bytes)

Stack: [0x0000003f07200000,0x0000003f07300000]
Native frames: (J=compiled Java code, j=interpreted, Vv=VM code, C=native code)
V  [jvm.dll+0x617d9a]
V  [jvm.dll+0x74eeef]
V  [jvm.dll+0x750599]
V  [jvm.dll+0x750c23]
V  [jvm.dll+0x2438d8]
V  [jvm.dll+0xba6dc]
V  [jvm.dll+0xbac9c]
V  [jvm.dll+0x3469b7]
V  [jvm.dll+0x3147a3]
V  [jvm.dll+0x313aea]
V  [jvm.dll+0x1fd105]
V  [jvm.dll+0x1fc2ed]
V  [jvm.dll+0x17f18c]
V  [jvm.dll+0x20b87c]
V  [jvm.dll+0x20997b]
V  [jvm.dll+0x716359]
V  [jvm.dll+0x70f064]
V  [jvm.dll+0x616f66]
C  [ucrtbase.dll+0x21bb2]
C  [KERNEL32.DLL+0x17034]
C  [ntdll.dll+0x52651]


---------------  P R O C E S S  ---------------

Threads class SMR info:
_java_thread_list=0x0000021f83adc0f0, length=31, elements={
0x0000021ffe908800, 0x0000021ffe90a800, 0x0000021fff228000, 0x0000021fff22b000,
0x0000021fff22d800, 0x0000021fff230800, 0x0000021fff23a000, 0x0000021fff23d800,
0x0000021fff39b000, 0x0000021fff668800, 0x0000021f84f39000, 0x0000021f83d16800,
0x0000021f85b90000, 0x0000021f86061000, 0x0000021f83676000, 0x0000021f83677800,
0x0000021f83678800, 0x0000021f80b95000, 0x0000021f80b98800, 0x0000021f80b97800,
0x0000021f80b96000, 0x0000021f80b93800, 0x0000021f80b94800, 0x0000021f80b96800,
0x0000021f80b92800, 0x0000021f80b9d800, 0x0000021f80b9e000, 0x0000021f80b9f000,
0x0000021f80b9b800, 0x0000021f80b9a000, 0x0000021fff6df000
}

Java Threads: ( => current thread )
  0x0000021ffe908800 JavaThread "Reference Handler" daemon [_thread_blocked, id=19128, stack(0x0000003f06000000,0x0000003f06100000)]
  0x0000021ffe90a800 JavaThread "Finalizer" daemon [_thread_blocked, id=13512, stack(0x0000003f06100000,0x0000003f06200000)]
  0x0000021fff228000 JavaThread "Signal Dispatcher" daemon [_thread_blocked, id=14712, stack(0x0000003f06200000,0x0000003f06300000)]
  0x0000021fff22b000 JavaThread "Attach Listener" daemon [_thread_blocked, id=13844, stack(0x0000003f06300000,0x0000003f06400000)]
  0x0000021fff22d800 JavaThread "Service Thread" daemon [_thread_blocked, id=17704, stack(0x0000003f06400000,0x0000003f06500000)]
  0x0000021fff230800 JavaThread "C2 CompilerThread0" daemon [_thread_in_native, id=14776, stack(0x0000003f06500000,0x0000003f06600000)]
  0x0000021fff23a000 JavaThread "C1 CompilerThread0" daemon [_thread_blocked, id=14220, stack(0x0000003f06600000,0x0000003f06700000)]
  0x0000021fff23d800 JavaThread "Sweeper thread" daemon [_thread_blocked, id=14080, stack(0x0000003f06700000,0x0000003f06800000)]
  0x0000021fff39b000 JavaThread "Common-Cleaner" daemon [_thread_blocked, id=16268, stack(0x0000003f06800000,0x0000003f06900000)]
  0x0000021fff668800 JavaThread "Monitor Ctrl-Break" daemon [_thread_in_native, id=2716, stack(0x0000003f06a00000,0x0000003f06b00000)]
  0x0000021f84f39000 JavaThread "Catalina-utility-1" [_thread_blocked, id=17728, stack(0x0000003f07400000,0x0000003f07500000)]
  0x0000021f83d16800 JavaThread "Catalina-utility-2" [_thread_blocked, id=11748, stack(0x0000003f07800000,0x0000003f07900000)]
  0x0000021f85b90000 JavaThread "container-0" [_thread_blocked, id=12140, stack(0x0000003f07900000,0x0000003f07a00000)]
  0x0000021f86061000 JavaThread "mysql-cj-abandoned-connection-cleanup" daemon [_thread_blocked, id=11816, stack(0x0000003f07a00000,0x0000003f07b00000)]
  0x0000021f83676000 JavaThread "HikariPool-1 housekeeper" daemon [_thread_blocked, id=16932, stack(0x0000003f07c00000,0x0000003f07d00000)]
  0x0000021f83677800 JavaThread "File Watcher" daemon [_thread_blocked, id=15560, stack(0x0000003f07e00000,0x0000003f07f00000)]
  0x0000021f83678800 JavaThread "Live Reload Server" daemon [_thread_in_native, id=14528, stack(0x0000003f07f00000,0x0000003f08000000)]
  0x0000021f80b95000 JavaThread "http-nio-8080-exec-1" daemon [_thread_blocked, id=15492, stack(0x0000003f08000000,0x0000003f08100000)]
  0x0000021f80b98800 JavaThread "http-nio-8080-exec-2" daemon [_thread_blocked, id=15296, stack(0x0000003f08100000,0x0000003f08200000)]
  0x0000021f80b97800 JavaThread "http-nio-8080-exec-3" daemon [_thread_in_vm, id=9496, stack(0x0000003f08200000,0x0000003f08300000)]
  0x0000021f80b96000 JavaThread "http-nio-8080-exec-4" daemon [_thread_blocked, id=14672, stack(0x0000003f08300000,0x0000003f08400000)]
  0x0000021f80b93800 JavaThread "http-nio-8080-exec-5" daemon [_thread_blocked, id=17264, stack(0x0000003f08400000,0x0000003f08500000)]
  0x0000021f80b94800 JavaThread "http-nio-8080-exec-6" daemon [_thread_blocked, id=12692, stack(0x0000003f08500000,0x0000003f08600000)]
  0x0000021f80b96800 JavaThread "http-nio-8080-exec-7" daemon [_thread_blocked, id=17772, stack(0x0000003f08600000,0x0000003f08700000)]
  0x0000021f80b92800 JavaThread "http-nio-8080-exec-8" daemon [_thread_blocked, id=5472, stack(0x0000003f08700000,0x0000003f08800000)]
  0x0000021f80b9d800 JavaThread "http-nio-8080-exec-9" daemon [_thread_blocked, id=6420, stack(0x0000003f08800000,0x0000003f08900000)]
  0x0000021f80b9e000 JavaThread "http-nio-8080-exec-10" daemon [_thread_blocked, id=11620, stack(0x0000003f08900000,0x0000003f08a00000)]
  0x0000021f80b9f000 JavaThread "http-nio-8080-Poller" daemon [_thread_in_native, id=16420, stack(0x0000003f08a00000,0x0000003f08b00000)]
  0x0000021f80b9b800 JavaThread "http-nio-8080-Acceptor" daemon [_thread_in_native, id=18628, stack(0x0000003f08b00000,0x0000003f08c00000)]
  0x0000021f80b9a000 JavaThread "DestroyJavaVM" [_thread_blocked, id=12620, stack(0x0000003f05900000,0x0000003f05a00000)]
=>0x0000021fff6df000 JavaThread "C2 CompilerThread1" daemon [_thread_in_native, id=2112, stack(0x0000003f07200000,0x0000003f07300000)]

Other Threads:
  0x0000021ffe906000 VMThread "VM Thread" [stack: 0x0000003f05f00000,0x0000003f06000000] [id=3772]
  0x0000021fff66a000 WatcherThread [stack: 0x0000003f06b00000,0x0000003f06c00000] [id=6292]
  0x0000021fd9188800 GCTaskThread "GC Thread#0" [stack: 0x0000003f05a00000,0x0000003f05b00000] [id=11316]
  0x0000021f807df000 GCTaskThread "GC Thread#1" [stack: 0x0000003f06d00000,0x0000003f06e00000] [id=13764]
  0x0000021f80930800 GCTaskThread "GC Thread#2" [stack: 0x0000003f06e00000,0x0000003f06f00000] [id=16356]
  0x0000021f80307000 GCTaskThread "GC Thread#3" [stack: 0x0000003f06f00000,0x0000003f07000000] [id=5500]
  0x0000021f803c4000 GCTaskThread "GC Thread#4" [stack: 0x0000003f07000000,0x0000003f07100000] [id=17916]
  0x0000021f8039d000 GCTaskThread "GC Thread#5" [stack: 0x0000003f07100000,0x0000003f07200000] [id=9928]
  0x0000021f80a36800 GCTaskThread "GC Thread#6" [stack: 0x0000003f07500000,0x0000003f07600000] [id=19284]
  0x0000021f80b6a800 GCTaskThread "GC Thread#7" [stack: 0x0000003f07600000,0x0000003f07700000] [id=16344]
  0x0000021fd91e1800 ConcurrentGCThread "G1 Main Marker" [stack: 0x0000003f05b00000,0x0000003f05c00000] [id=7836]
  0x0000021fd91e3000 ConcurrentGCThread "G1 Conc#0" [stack: 0x0000003f05c00000,0x0000003f05d00000] [id=5864]
  0x0000021f80ecf800 ConcurrentGCThread "G1 Conc#1" [stack: 0x0000003f07700000,0x0000003f07800000] [id=16952]
  0x0000021ffe7f2800 ConcurrentGCThread "G1 Refine#0" [stack: 0x0000003f05d00000,0x0000003f05e00000] [id=11052]
  0x0000021ffe7f3000 ConcurrentGCThread "G1 Young RemSet Sampling" [stack: 0x0000003f05e00000,0x0000003f05f00000] [id=12948]

Threads with active compile tasks:
C2 CompilerThread0  40217 7175       4       org.springframework.asm.Frame::execute (2305 bytes)
C2 CompilerThread1  40217 7221       4       java.util.TreeMap::put (247 bytes)

VM state:not at safepoint (normal execution)

VM Mutex/Monitor currently owned by a thread: None

Heap address: 0x0000000705000000, size: 4016 MB, Compressed Oops mode: Zero based, Oop shift amount: 3
Narrow klass base: 0x0000000800000000, Narrow klass shift: 0
Compressed class space size: 1073741824 Address: 0x0000000800000000

Heap:
 garbage-first heap   total 310272K, used 114416K [0x0000000705000000, 0x0000000800000000)
  region size 1024K, 100 young (102400K), 15 survivors (15360K)
 Metaspace       used 80342K, capacity 82415K, committed 82560K, reserved 1120256K
  class space    used 10248K, capacity 11080K, committed 11136K, reserved 1048576K
Heap Regions: E=young(eden), S=young(survivor), O=old, HS=humongous(starts), HC=humongous(continues), CS=collection set, F=free, A=archive, TAMS=top-at-mark-start (previous, next)
|   0|0x0000000705000000, 0x0000000705100000, 0x0000000705100000|100%|HS|  |TAMS 0x0000000705100000, 0x0000000705000000| Complete 
|   1|0x0000000705100000, 0x0000000705200000, 0x0000000705200000|100%| O|  |TAMS 0x0000000705200000, 0x0000000705100000| Untracked 
|   2|0x0000000705200000, 0x0000000705300000, 0x0000000705300000|100%| O|  |TAMS 0x0000000705300000, 0x0000000705200000| Untracked 
|   3|0x0000000705300000, 0x0000000705400000, 0x0000000705400000|100%| O|  |TAMS 0x0000000705400000, 0x0000000705300000| Untracked 
|   4|0x0000000705400000, 0x0000000705500000, 0x0000000705500000|100%| O|  |TAMS 0x0000000705500000, 0x0000000705400000| Untracked 
|   5|0x0000000705500000, 0x0000000705600000, 0x0000000705600000|100%| O|  |TAMS 0x0000000705600000, 0x0000000705500000| Untracked 
|   6|0x0000000705600000, 0x0000000705700000, 0x0000000705700000|100%| O|  |TAMS 0x0000000705700000, 0x0000000705600000| Untracked 
|   7|0x0000000705700000, 0x0000000705800000, 0x0000000705800000|100%| O|  |TAMS 0x0000000705800000, 0x0000000705700000| Untracked 
|   8|0x0000000705800000, 0x0000000705900000, 0x0000000705900000|100%| O|  |TAMS 0x0000000705900000, 0x0000000705800000| Untracked 
|   9|0x0000000705900000, 0x0000000705a00000, 0x0000000705a00000|100%| O|  |TAMS 0x0000000705909400, 0x0000000705900000| Untracked 
|  10|0x0000000705a00000, 0x0000000705b00000, 0x0000000705b00000|100%| O|  |TAMS 0x0000000705a00000, 0x0000000705a00000| Untracked 
|  11|0x0000000705b00000, 0x0000000705c00000, 0x0000000705c00000|100%| O|  |TAMS 0x0000000705b00000, 0x0000000705b00000| Untracked 
|  12|0x0000000705c00000, 0x0000000705cbc200, 0x0000000705d00000| 73%| O|  |TAMS 0x0000000705c00000, 0x0000000705c00000| Untracked 
|  13|0x0000000705d00000, 0x0000000705d00000, 0x0000000705e00000|  0%| F|  |TAMS 0x0000000705d00000, 0x0000000705d00000| Untracked 
|  14|0x0000000705e00000, 0x0000000705e00000, 0x0000000705f00000|  0%| F|  |TAMS 0x0000000705e00000, 0x0000000705e00000| Untracked 
|  15|0x0000000705f00000, 0x0000000705f00000, 0x0000000706000000|  0%| F|  |TAMS 0x0000000705f00000, 0x0000000705f00000| Untracked 
|  16|0x0000000706000000, 0x0000000706000000, 0x0000000706100000|  0%| F|  |TAMS 0x0000000706000000, 0x0000000706000000| Untracked 
|  17|0x0000000706100000, 0x0000000706100000, 0x0000000706200000|  0%| F|  |TAMS 0x0000000706100000, 0x0000000706100000| Untracked 
|  18|0x0000000706200000, 0x0000000706200000, 0x0000000706300000|  0%| F|  |TAMS 0x0000000706200000, 0x0000000706200000| Untracked 
|  19|0x0000000706300000, 0x0000000706300000, 0x0000000706400000|  0%| F|  |TAMS 0x0000000706300000, 0x0000000706300000| Untracked 
|  20|0x0000000706400000, 0x0000000706400000, 0x0000000706500000|  0%| F|  |TAMS 0x0000000706400000, 0x0000000706400000| Untracked 
|  21|0x0000000706500000, 0x0000000706500000, 0x0000000706600000|  0%| F|  |TAMS 0x0000000706500000, 0x0000000706500000| Untracked 
|  22|0x0000000706600000, 0x0000000706600000, 0x0000000706700000|  0%| F|  |TAMS 0x0000000706600000, 0x0000000706600000| Untracked 
|  23|0x0000000706700000, 0x0000000706700000, 0x0000000706800000|  0%| F|  |TAMS 0x0000000706700000, 0x0000000706700000| Untracked 
|  24|0x0000000706800000, 0x0000000706800000, 0x0000000706900000|  0%| F|  |TAMS 0x0000000706800000, 0x0000000706800000| Untracked 
|  25|0x0000000706900000, 0x0000000706900000, 0x0000000706a00000|  0%| F|  |TAMS 0x0000000706900000, 0x0000000706900000| Untracked 
|  26|0x0000000706a00000, 0x0000000706a00000, 0x0000000706b00000|  0%| F|  |TAMS 0x0000000706a00000, 0x0000000706a00000| Untracked 
|  27|0x0000000706b00000, 0x0000000706b00000, 0x0000000706c00000|  0%| F|  |TAMS 0x0000000706b00000, 0x0000000706b00000| Untracked 
|  28|0x0000000706c00000, 0x0000000706c00000, 0x0000000706d00000|  0%| F|  |TAMS 0x0000000706c00000, 0x0000000706c00000| Untracked 
|  29|0x0000000706d00000, 0x0000000706d00000, 0x0000000706e00000|  0%| F|  |TAMS 0x0000000706d00000, 0x0000000706d00000| Untracked 
|  30|0x0000000706e00000, 0x0000000706e00000, 0x0000000706f00000|  0%| F|  |TAMS 0x0000000706e00000, 0x0000000706e00000| Untracked 
|  31|0x0000000706f00000, 0x0000000706f00000, 0x0000000707000000|  0%| F|  |TAMS 0x0000000706f00000, 0x0000000706f00000| Untracked 
|  32|0x0000000707000000, 0x0000000707000000, 0x0000000707100000|  0%| F|  |TAMS 0x0000000707000000, 0x0000000707000000| Untracked 
|  33|0x0000000707100000, 0x0000000707100000, 0x0000000707200000|  0%| F|  |TAMS 0x0000000707100000, 0x0000000707100000| Untracked 
|  34|0x0000000707200000, 0x0000000707200000, 0x0000000707300000|  0%| F|  |TAMS 0x0000000707200000, 0x0000000707200000| Untracked 
|  35|0x0000000707300000, 0x0000000707300000, 0x0000000707400000|  0%| F|  |TAMS 0x0000000707300000, 0x0000000707300000| Untracked 
|  36|0x0000000707400000, 0x0000000707400000, 0x0000000707500000|  0%| F|  |TAMS 0x0000000707400000, 0x0000000707400000| Untracked 
|  37|0x0000000707500000, 0x0000000707500000, 0x0000000707600000|  0%| F|  |TAMS 0x0000000707500000, 0x0000000707500000| Untracked 
|  38|0x0000000707600000, 0x0000000707600000, 0x0000000707700000|  0%| F|  |TAMS 0x0000000707600000, 0x0000000707600000| Untracked 
|  39|0x0000000707700000, 0x0000000707700000, 0x0000000707800000|  0%| F|  |TAMS 0x0000000707700000, 0x0000000707700000| Untracked 
|  40|0x0000000707800000, 0x0000000707800000, 0x0000000707900000|  0%| F|  |TAMS 0x0000000707800000, 0x0000000707800000| Untracked 
|  41|0x0000000707900000, 0x0000000707900000, 0x0000000707a00000|  0%| F|  |TAMS 0x0000000707900000, 0x0000000707900000| Untracked 
|  42|0x0000000707a00000, 0x0000000707a00000, 0x0000000707b00000|  0%| F|  |TAMS 0x0000000707a00000, 0x0000000707a00000| Untracked 
|  43|0x0000000707b00000, 0x0000000707b00000, 0x0000000707c00000|  0%| F|  |TAMS 0x0000000707b00000, 0x0000000707b00000| Untracked 
|  44|0x0000000707c00000, 0x0000000707c00000, 0x0000000707d00000|  0%| F|  |TAMS 0x0000000707c00000, 0x0000000707c00000| Untracked 
|  45|0x0000000707d00000, 0x0000000707d00000, 0x0000000707e00000|  0%| F|  |TAMS 0x0000000707d00000, 0x0000000707d00000| Untracked 
|  46|0x0000000707e00000, 0x0000000707e00000, 0x0000000707f00000|  0%| F|  |TAMS 0x0000000707e00000, 0x0000000707e00000| Untracked 
|  47|0x0000000707f00000, 0x0000000707f00000, 0x0000000708000000|  0%| F|  |TAMS 0x0000000707f00000, 0x0000000707f00000| Untracked 
|  48|0x0000000708000000, 0x0000000708000000, 0x0000000708100000|  0%| F|  |TAMS 0x0000000708000000, 0x0000000708000000| Untracked 
|  49|0x0000000708100000, 0x0000000708100000, 0x0000000708200000|  0%| F|  |TAMS 0x0000000708100000, 0x0000000708100000| Untracked 
|  50|0x0000000708200000, 0x0000000708200000, 0x0000000708300000|  0%| F|  |TAMS 0x0000000708200000, 0x0000000708200000| Untracked 
|  51|0x0000000708300000, 0x0000000708300000, 0x0000000708400000|  0%| F|  |TAMS 0x0000000708300000, 0x0000000708300000| Untracked 
|  52|0x0000000708400000, 0x0000000708400000, 0x0000000708500000|  0%| F|  |TAMS 0x0000000708400000, 0x0000000708400000| Untracked 
|  53|0x0000000708500000, 0x0000000708500000, 0x0000000708600000|  0%| F|  |TAMS 0x0000000708500000, 0x0000000708500000| Untracked 
|  54|0x0000000708600000, 0x0000000708600000, 0x0000000708700000|  0%| F|  |TAMS 0x0000000708600000, 0x0000000708600000| Untracked 
|  55|0x0000000708700000, 0x0000000708700000, 0x0000000708800000|  0%| F|  |TAMS 0x0000000708700000, 0x0000000708700000| Untracked 
|  56|0x0000000708800000, 0x0000000708800000, 0x0000000708900000|  0%| F|  |TAMS 0x0000000708800000, 0x0000000708800000| Untracked 
|  57|0x0000000708900000, 0x0000000708900000, 0x0000000708a00000|  0%| F|  |TAMS 0x0000000708900000, 0x0000000708900000| Untracked 
|  58|0x0000000708a00000, 0x0000000708a00000, 0x0000000708b00000|  0%| F|  |TAMS 0x0000000708a00000, 0x0000000708a00000| Untracked 
|  59|0x0000000708b00000, 0x0000000708b00000, 0x0000000708c00000|  0%| F|  |TAMS 0x0000000708b00000, 0x0000000708b00000| Untracked 
|  60|0x0000000708c00000, 0x0000000708c00000, 0x0000000708d00000|  0%| F|  |TAMS 0x0000000708c00000, 0x0000000708c00000| Untracked 
|  61|0x0000000708d00000, 0x0000000708d00000, 0x0000000708e00000|  0%| F|  |TAMS 0x0000000708d00000, 0x0000000708d00000| Untracked 
|  62|0x0000000708e00000, 0x0000000708e00000, 0x0000000708f00000|  0%| F|  |TAMS 0x0000000708e00000, 0x0000000708e00000| Untracked 
|  63|0x0000000708f00000, 0x0000000708f00000, 0x0000000709000000|  0%| F|  |TAMS 0x0000000708f00000, 0x0000000708f00000| Untracked 
|  64|0x0000000709000000, 0x0000000709000000, 0x0000000709100000|  0%| F|  |TAMS 0x0000000709000000, 0x0000000709000000| Untracked 
|  65|0x0000000709100000, 0x0000000709100000, 0x0000000709200000|  0%| F|  |TAMS 0x0000000709100000, 0x0000000709100000| Untracked 
|  66|0x0000000709200000, 0x0000000709200000, 0x0000000709300000|  0%| F|  |TAMS 0x0000000709200000, 0x0000000709200000| Untracked 
|  67|0x0000000709300000, 0x0000000709300000, 0x0000000709400000|  0%| F|  |TAMS 0x0000000709300000, 0x0000000709300000| Untracked 
|  68|0x0000000709400000, 0x0000000709400000, 0x0000000709500000|  0%| F|  |TAMS 0x0000000709400000, 0x0000000709400000| Untracked 
|  69|0x0000000709500000, 0x0000000709500000, 0x0000000709600000|  0%| F|  |TAMS 0x0000000709500000, 0x0000000709500000| Untracked 
|  70|0x0000000709600000, 0x0000000709600000, 0x0000000709700000|  0%| F|  |TAMS 0x0000000709600000, 0x0000000709600000| Untracked 
|  71|0x0000000709700000, 0x0000000709700000, 0x0000000709800000|  0%| F|  |TAMS 0x0000000709700000, 0x0000000709700000| Untracked 
|  72|0x0000000709800000, 0x0000000709800000, 0x0000000709900000|  0%| F|  |TAMS 0x0000000709800000, 0x0000000709800000| Untracked 
|  73|0x0000000709900000, 0x0000000709900000, 0x0000000709a00000|  0%| F|  |TAMS 0x0000000709900000, 0x0000000709900000| Untracked 
|  74|0x0000000709a00000, 0x0000000709a00000, 0x0000000709b00000|  0%| F|  |TAMS 0x0000000709a00000, 0x0000000709a00000| Untracked 
|  75|0x0000000709b00000, 0x0000000709b00000, 0x0000000709c00000|  0%| F|  |TAMS 0x0000000709b00000, 0x0000000709b00000| Untracked 
|  76|0x0000000709c00000, 0x0000000709c00000, 0x0000000709d00000|  0%| F|  |TAMS 0x0000000709c00000, 0x0000000709c00000| Untracked 
|  77|0x0000000709d00000, 0x0000000709d00000, 0x0000000709e00000|  0%| F|  |TAMS 0x0000000709d00000, 0x0000000709d00000| Untracked 
|  78|0x0000000709e00000, 0x0000000709e00000, 0x0000000709f00000|  0%| F|  |TAMS 0x0000000709e00000, 0x0000000709e00000| Untracked 
|  79|0x0000000709f00000, 0x0000000709f00000, 0x000000070a000000|  0%| F|  |TAMS 0x0000000709f00000, 0x0000000709f00000| Untracked 
|  80|0x000000070a000000, 0x000000070a000000, 0x000000070a100000|  0%| F|  |TAMS 0x000000070a000000, 0x000000070a000000| Untracked 
|  81|0x000000070a100000, 0x000000070a100000, 0x000000070a200000|  0%| F|  |TAMS 0x000000070a100000, 0x000000070a100000| Untracked 
|  82|0x000000070a200000, 0x000000070a200000, 0x000000070a300000|  0%| F|  |TAMS 0x000000070a200000, 0x000000070a200000| Untracked 
|  83|0x000000070a300000, 0x000000070a300000, 0x000000070a400000|  0%| F|  |TAMS 0x000000070a300000, 0x000000070a300000| Untracked 
|  84|0x000000070a400000, 0x000000070a400000, 0x000000070a500000|  0%| F|  |TAMS 0x000000070a400000, 0x000000070a400000| Untracked 
|  85|0x000000070a500000, 0x000000070a500000, 0x000000070a600000|  0%| F|  |TAMS 0x000000070a500000, 0x000000070a500000| Untracked 
|  86|0x000000070a600000, 0x000000070a600000, 0x000000070a700000|  0%| F|  |TAMS 0x000000070a600000, 0x000000070a600000| Untracked 
|  87|0x000000070a700000, 0x000000070a700000, 0x000000070a800000|  0%| F|  |TAMS 0x000000070a700000, 0x000000070a700000| Untracked 
|  88|0x000000070a800000, 0x000000070a800000, 0x000000070a900000|  0%| F|  |TAMS 0x000000070a800000, 0x000000070a800000| Untracked 
|  89|0x000000070a900000, 0x000000070a900000, 0x000000070aa00000|  0%| F|  |TAMS 0x000000070a900000, 0x000000070a900000| Untracked 
|  90|0x000000070aa00000, 0x000000070aa00000, 0x000000070ab00000|  0%| F|  |TAMS 0x000000070aa00000, 0x000000070aa00000| Untracked 
|  91|0x000000070ab00000, 0x000000070ab00000, 0x000000070ac00000|  0%| F|  |TAMS 0x000000070ab00000, 0x000000070ab00000| Untracked 
|  92|0x000000070ac00000, 0x000000070ac00000, 0x000000070ad00000|  0%| F|  |TAMS 0x000000070ac00000, 0x000000070ac00000| Untracked 
|  93|0x000000070ad00000, 0x000000070ad00000, 0x000000070ae00000|  0%| F|  |TAMS 0x000000070ad00000, 0x000000070ad00000| Untracked 
|  94|0x000000070ae00000, 0x000000070ae00000, 0x000000070af00000|  0%| F|  |TAMS 0x000000070ae00000, 0x000000070ae00000| Untracked 
|  95|0x000000070af00000, 0x000000070af00000, 0x000000070b000000|  0%| F|  |TAMS 0x000000070af00000, 0x000000070af00000| Untracked 
|  96|0x000000070b000000, 0x000000070b000000, 0x000000070b100000|  0%| F|  |TAMS 0x000000070b000000, 0x000000070b000000| Untracked 
|  97|0x000000070b100000, 0x000000070b100000, 0x000000070b200000|  0%| F|  |TAMS 0x000000070b100000, 0x000000070b100000| Untracked 
|  98|0x000000070b200000, 0x000000070b200000, 0x000000070b300000|  0%| F|  |TAMS 0x000000070b200000, 0x000000070b200000| Untracked 
|  99|0x000000070b300000, 0x000000070b300000, 0x000000070b400000|  0%| F|  |TAMS 0x000000070b300000, 0x000000070b300000| Untracked 
| 100|0x000000070b400000, 0x000000070b400000, 0x000000070b500000|  0%| F|  |TAMS 0x000000070b400000, 0x000000070b400000| Untracked 
| 101|0x000000070b500000, 0x000000070b500000, 0x000000070b600000|  0%| F|  |TAMS 0x000000070b500000, 0x000000070b500000| Untracked 
| 102|0x000000070b600000, 0x000000070b600000, 0x000000070b700000|  0%| F|  |TAMS 0x000000070b600000, 0x000000070b600000| Untracked 
| 103|0x000000070b700000, 0x000000070b700000, 0x000000070b800000|  0%| F|  |TAMS 0x000000070b700000, 0x000000070b700000| Untracked 
| 104|0x000000070b800000, 0x000000070b800000, 0x000000070b900000|  0%| F|  |TAMS 0x000000070b800000, 0x000000070b800000| Untracked 
| 105|0x000000070b900000, 0x000000070b900000, 0x000000070ba00000|  0%| F|  |TAMS 0x000000070b900000, 0x000000070b900000| Untracked 
| 106|0x000000070ba00000, 0x000000070ba00000, 0x000000070bb00000|  0%| F|  |TAMS 0x000000070ba00000, 0x000000070ba00000| Untracked 
| 107|0x000000070bb00000, 0x000000070bc00000, 0x000000070bc00000|100%| S|CS|TAMS 0x000000070bb00000, 0x000000070bb00000| Complete 
| 108|0x000000070bc00000, 0x000000070bd00000, 0x000000070bd00000|100%| S|CS|TAMS 0x000000070bc00000, 0x000000070bc00000| Complete 
| 109|0x000000070bd00000, 0x000000070be00000, 0x000000070be00000|100%| S|CS|TAMS 0x000000070bd00000, 0x000000070bd00000| Complete 
| 110|0x000000070be00000, 0x000000070bf00000, 0x000000070bf00000|100%| S|CS|TAMS 0x000000070be00000, 0x000000070be00000| Complete 
| 111|0x000000070bf00000, 0x000000070c000000, 0x000000070c000000|100%| S|CS|TAMS 0x000000070bf00000, 0x000000070bf00000| Complete 
| 112|0x000000070c000000, 0x000000070c100000, 0x000000070c100000|100%| S|CS|TAMS 0x000000070c000000, 0x000000070c000000| Complete 
| 113|0x000000070c100000, 0x000000070c200000, 0x000000070c200000|100%| S|CS|TAMS 0x000000070c100000, 0x000000070c100000| Complete 
| 114|0x000000070c200000, 0x000000070c300000, 0x000000070c300000|100%| S|CS|TAMS 0x000000070c200000, 0x000000070c200000| Complete 
| 115|0x000000070c300000, 0x000000070c400000, 0x000000070c400000|100%| S|CS|TAMS 0x000000070c300000, 0x000000070c300000| Complete 
| 116|0x000000070c400000, 0x000000070c500000, 0x000000070c500000|100%| S|CS|TAMS 0x000000070c400000, 0x000000070c400000| Complete 
| 117|0x000000070c500000, 0x000000070c600000, 0x000000070c600000|100%| S|CS|TAMS 0x000000070c500000, 0x000000070c500000| Complete 
| 118|0x000000070c600000, 0x000000070c700000, 0x000000070c700000|100%| S|CS|TAMS 0x000000070c600000, 0x000000070c600000| Complete 
| 119|0x000000070c700000, 0x000000070c800000, 0x000000070c800000|100%| S|CS|TAMS 0x000000070c700000, 0x000000070c700000| Complete 
| 120|0x000000070c800000, 0x000000070c900000, 0x000000070c900000|100%| S|CS|TAMS 0x000000070c800000, 0x000000070c800000| Complete 
| 121|0x000000070c900000, 0x000000070ca00000, 0x000000070ca00000|100%| S|CS|TAMS 0x000000070c900000, 0x000000070c900000| Complete 
| 122|0x000000070ca00000, 0x000000070ca00000, 0x000000070cb00000|  0%| F|  |TAMS 0x000000070ca00000, 0x000000070ca00000| Untracked 
| 123|0x000000070cb00000, 0x000000070cb00000, 0x000000070cc00000|  0%| F|  |TAMS 0x000000070cb00000, 0x000000070cb00000| Untracked 
| 124|0x000000070cc00000, 0x000000070cc00000, 0x000000070cd00000|  0%| F|  |TAMS 0x000000070cc00000, 0x000000070cc00000| Untracked 
| 125|0x000000070cd00000, 0x000000070cd00000, 0x000000070ce00000|  0%| F|  |TAMS 0x000000070cd00000, 0x000000070cd00000| Untracked 
| 126|0x000000070ce00000, 0x000000070ce00000, 0x000000070cf00000|  0%| F|  |TAMS 0x000000070ce00000, 0x000000070ce00000| Untracked 
| 127|0x000000070cf00000, 0x000000070cf00000, 0x000000070d000000|  0%| F|  |TAMS 0x000000070cf00000, 0x000000070cf00000| Untracked 
| 128|0x000000070d000000, 0x000000070d000000, 0x000000070d100000|  0%| F|  |TAMS 0x000000070d000000, 0x000000070d000000| Untracked 
| 129|0x000000070d100000, 0x000000070d100000, 0x000000070d200000|  0%| F|  |TAMS 0x000000070d100000, 0x000000070d100000| Untracked 
| 130|0x000000070d200000, 0x000000070d200000, 0x000000070d300000|  0%| F|  |TAMS 0x000000070d200000, 0x000000070d200000| Untracked 
| 131|0x000000070d300000, 0x000000070d300000, 0x000000070d400000|  0%| F|  |TAMS 0x000000070d300000, 0x000000070d300000| Untracked 
| 132|0x000000070d400000, 0x000000070d400000, 0x000000070d500000|  0%| F|  |TAMS 0x000000070d400000, 0x000000070d400000| Untracked 
| 133|0x000000070d500000, 0x000000070d500000, 0x000000070d600000|  0%| F|  |TAMS 0x000000070d500000, 0x000000070d500000| Untracked 
| 134|0x000000070d600000, 0x000000070d600000, 0x000000070d700000|  0%| F|  |TAMS 0x000000070d600000, 0x000000070d600000| Untracked 
| 135|0x000000070d700000, 0x000000070d700000, 0x000000070d800000|  0%| F|  |TAMS 0x000000070d700000, 0x000000070d700000| Untracked 
| 136|0x000000070d800000, 0x000000070d800000, 0x000000070d900000|  0%| F|  |TAMS 0x000000070d800000, 0x000000070d800000| Untracked 
| 137|0x000000070d900000, 0x000000070d900000, 0x000000070da00000|  0%| F|  |TAMS 0x000000070d900000, 0x000000070d900000| Untracked 
| 138|0x000000070da00000, 0x000000070da00000, 0x000000070db00000|  0%| F|  |TAMS 0x000000070da00000, 0x000000070da00000| Untracked 
| 139|0x000000070db00000, 0x000000070db00000, 0x000000070dc00000|  0%| F|  |TAMS 0x000000070db00000, 0x000000070db00000| Untracked 
| 140|0x000000070dc00000, 0x000000070dc00000, 0x000000070dd00000|  0%| F|  |TAMS 0x000000070dc00000, 0x000000070dc00000| Untracked 
| 141|0x000000070dd00000, 0x000000070dd00000, 0x000000070de00000|  0%| F|  |TAMS 0x000000070dd00000, 0x000000070dd00000| Untracked 
| 142|0x000000070de00000, 0x000000070de00000, 0x000000070df00000|  0%| F|  |TAMS 0x000000070de00000, 0x000000070de00000| Untracked 
| 143|0x000000070df00000, 0x000000070df00000, 0x000000070e000000|  0%| F|  |TAMS 0x000000070df00000, 0x000000070df00000| Untracked 
| 144|0x000000070e000000, 0x000000070e000000, 0x000000070e100000|  0%| F|  |TAMS 0x000000070e000000, 0x000000070e000000| Untracked 
| 145|0x000000070e100000, 0x000000070e100000, 0x000000070e200000|  0%| F|  |TAMS 0x000000070e100000, 0x000000070e100000| Untracked 
| 146|0x000000070e200000, 0x000000070e200000, 0x000000070e300000|  0%| F|  |TAMS 0x000000070e200000, 0x000000070e200000| Untracked 
| 147|0x000000070e300000, 0x000000070e300000, 0x000000070e400000|  0%| F|  |TAMS 0x000000070e300000, 0x000000070e300000| Untracked 
| 148|0x000000070e400000, 0x000000070e400000, 0x000000070e500000|  0%| F|  |TAMS 0x000000070e400000, 0x000000070e400000| Untracked 
| 149|0x000000070e500000, 0x000000070e500000, 0x000000070e600000|  0%| F|  |TAMS 0x000000070e500000, 0x000000070e500000| Untracked 
| 150|0x000000070e600000, 0x000000070e600000, 0x000000070e700000|  0%| F|  |TAMS 0x000000070e600000, 0x000000070e600000| Untracked 
| 151|0x000000070e700000, 0x000000070e700000, 0x000000070e800000|  0%| F|  |TAMS 0x000000070e700000, 0x000000070e700000| Untracked 
| 152|0x000000070e800000, 0x000000070e800000, 0x000000070e900000|  0%| F|  |TAMS 0x000000070e800000, 0x000000070e800000| Untracked 
| 153|0x000000070e900000, 0x000000070e900000, 0x000000070ea00000|  0%| F|  |TAMS 0x000000070e900000, 0x000000070e900000| Untracked 
| 154|0x000000070ea00000, 0x000000070ea00000, 0x000000070eb00000|  0%| F|  |TAMS 0x000000070ea00000, 0x000000070ea00000| Untracked 
| 155|0x000000070eb00000, 0x000000070eb00000, 0x000000070ec00000|  0%| F|  |TAMS 0x000000070eb00000, 0x000000070eb00000| Untracked 
| 156|0x000000070ec00000, 0x000000070ec00000, 0x000000070ed00000|  0%| F|  |TAMS 0x000000070ec00000, 0x000000070ec00000| Untracked 
| 157|0x000000070ed00000, 0x000000070ed00000, 0x000000070ee00000|  0%| F|  |TAMS 0x000000070ed00000, 0x000000070ed00000| Untracked 
| 158|0x000000070ee00000, 0x000000070ee00000, 0x000000070ef00000|  0%| F|  |TAMS 0x000000070ee00000, 0x000000070ee00000| Untracked 
| 159|0x000000070ef00000, 0x000000070ef00000, 0x000000070f000000|  0%| F|  |TAMS 0x000000070ef00000, 0x000000070ef00000| Untracked 
| 160|0x000000070f000000, 0x000000070f000000, 0x000000070f100000|  0%| F|  |TAMS 0x000000070f000000, 0x000000070f000000| Untracked 
| 161|0x000000070f100000, 0x000000070f100000, 0x000000070f200000|  0%| F|  |TAMS 0x000000070f100000, 0x000000070f100000| Untracked 
| 162|0x000000070f200000, 0x000000070f200000, 0x000000070f300000|  0%| F|  |TAMS 0x000000070f200000, 0x000000070f200000| Untracked 
| 163|0x000000070f300000, 0x000000070f300000, 0x000000070f400000|  0%| F|  |TAMS 0x000000070f300000, 0x000000070f300000| Untracked 
| 164|0x000000070f400000, 0x000000070f400000, 0x000000070f500000|  0%| F|  |TAMS 0x000000070f400000, 0x000000070f400000| Untracked 
| 165|0x000000070f500000, 0x000000070f500000, 0x000000070f600000|  0%| F|  |TAMS 0x000000070f500000, 0x000000070f500000| Untracked 
| 166|0x000000070f600000, 0x000000070f600000, 0x000000070f700000|  0%| F|  |TAMS 0x000000070f600000, 0x000000070f600000| Untracked 
| 167|0x000000070f700000, 0x000000070f700000, 0x000000070f800000|  0%| F|  |TAMS 0x000000070f700000, 0x000000070f700000| Untracked 
| 168|0x000000070f800000, 0x000000070f800000, 0x000000070f900000|  0%| F|  |TAMS 0x000000070f800000, 0x000000070f800000| Untracked 
| 169|0x000000070f900000, 0x000000070f900000, 0x000000070fa00000|  0%| F|  |TAMS 0x000000070f900000, 0x000000070f900000| Untracked 
| 170|0x000000070fa00000, 0x000000070fa00000, 0x000000070fb00000|  0%| F|  |TAMS 0x000000070fa00000, 0x000000070fa00000| Untracked 
| 171|0x000000070fb00000, 0x000000070fb00000, 0x000000070fc00000|  0%| F|  |TAMS 0x000000070fb00000, 0x000000070fb00000| Untracked 
| 172|0x000000070fc00000, 0x000000070fc00000, 0x000000070fd00000|  0%| F|  |TAMS 0x000000070fc00000, 0x000000070fc00000| Untracked 
| 173|0x000000070fd00000, 0x000000070fd00000, 0x000000070fe00000|  0%| F|  |TAMS 0x000000070fd00000, 0x000000070fd00000| Untracked 
| 174|0x000000070fe00000, 0x000000070fe00000, 0x000000070ff00000|  0%| F|  |TAMS 0x000000070fe00000, 0x000000070fe00000| Untracked 
| 175|0x000000070ff00000, 0x000000070ff00000, 0x0000000710000000|  0%| F|  |TAMS 0x000000070ff00000, 0x000000070ff00000| Untracked 
| 176|0x0000000710000000, 0x0000000710000000, 0x0000000710100000|  0%| F|  |TAMS 0x0000000710000000, 0x0000000710000000| Untracked 
| 177|0x0000000710100000, 0x0000000710100000, 0x0000000710200000|  0%| F|  |TAMS 0x0000000710100000, 0x0000000710100000| Untracked 
| 178|0x0000000710200000, 0x0000000710200000, 0x0000000710300000|  0%| F|  |TAMS 0x0000000710200000, 0x0000000710200000| Untracked 
| 179|0x0000000710300000, 0x0000000710300000, 0x0000000710400000|  0%| F|  |TAMS 0x0000000710300000, 0x0000000710300000| Untracked 
| 180|0x0000000710400000, 0x0000000710400000, 0x0000000710500000|  0%| F|  |TAMS 0x0000000710400000, 0x0000000710400000| Untracked 
| 181|0x0000000710500000, 0x0000000710500000, 0x0000000710600000|  0%| F|  |TAMS 0x0000000710500000, 0x0000000710500000| Untracked 
| 182|0x0000000710600000, 0x0000000710600000, 0x0000000710700000|  0%| F|  |TAMS 0x0000000710600000, 0x0000000710600000| Untracked 
| 183|0x0000000710700000, 0x0000000710700000, 0x0000000710800000|  0%| F|  |TAMS 0x0000000710700000, 0x0000000710700000| Untracked 
| 184|0x0000000710800000, 0x0000000710800000, 0x0000000710900000|  0%| F|  |TAMS 0x0000000710800000, 0x0000000710800000| Untracked 
| 185|0x0000000710900000, 0x0000000710900000, 0x0000000710a00000|  0%| F|  |TAMS 0x0000000710900000, 0x0000000710900000| Untracked 
| 186|0x0000000710a00000, 0x0000000710a00000, 0x0000000710b00000|  0%| F|  |TAMS 0x0000000710a00000, 0x0000000710a00000| Untracked 
| 187|0x0000000710b00000, 0x0000000710b00000, 0x0000000710c00000|  0%| F|  |TAMS 0x0000000710b00000, 0x0000000710b00000| Untracked 
| 188|0x0000000710c00000, 0x0000000710c00000, 0x0000000710d00000|  0%| F|  |TAMS 0x0000000710c00000, 0x0000000710c00000| Untracked 
| 189|0x0000000710d00000, 0x0000000710d00000, 0x0000000710e00000|  0%| F|  |TAMS 0x0000000710d00000, 0x0000000710d00000| Untracked 
| 190|0x0000000710e00000, 0x0000000710e00000, 0x0000000710f00000|  0%| F|  |TAMS 0x0000000710e00000, 0x0000000710e00000| Untracked 
| 191|0x0000000710f00000, 0x0000000710f00000, 0x0000000711000000|  0%| F|  |TAMS 0x0000000710f00000, 0x0000000710f00000| Untracked 
| 192|0x0000000711000000, 0x0000000711000000, 0x0000000711100000|  0%| F|  |TAMS 0x0000000711000000, 0x0000000711000000| Untracked 
| 193|0x0000000711100000, 0x0000000711100000, 0x0000000711200000|  0%| F|  |TAMS 0x0000000711100000, 0x0000000711100000| Untracked 
| 194|0x0000000711200000, 0x0000000711200000, 0x0000000711300000|  0%| F|  |TAMS 0x0000000711200000, 0x0000000711200000| Untracked 
| 195|0x0000000711300000, 0x0000000711300000, 0x0000000711400000|  0%| F|  |TAMS 0x0000000711300000, 0x0000000711300000| Untracked 
| 196|0x0000000711400000, 0x0000000711400000, 0x0000000711500000|  0%| F|  |TAMS 0x0000000711400000, 0x0000000711400000| Untracked 
| 197|0x0000000711500000, 0x0000000711500000, 0x0000000711600000|  0%| F|  |TAMS 0x0000000711500000, 0x0000000711500000| Untracked 
| 198|0x0000000711600000, 0x0000000711600000, 0x0000000711700000|  0%| F|  |TAMS 0x0000000711600000, 0x0000000711600000| Untracked 
| 199|0x0000000711700000, 0x0000000711700000, 0x0000000711800000|  0%| F|  |TAMS 0x0000000711700000, 0x0000000711700000| Untracked 
| 200|0x0000000711800000, 0x0000000711800000, 0x0000000711900000|  0%| F|  |TAMS 0x0000000711800000, 0x0000000711800000| Untracked 
| 201|0x0000000711900000, 0x0000000711900000, 0x0000000711a00000|  0%| F|  |TAMS 0x0000000711900000, 0x0000000711900000| Untracked 
| 202|0x0000000711a00000, 0x0000000711a00000, 0x0000000711b00000|  0%| F|  |TAMS 0x0000000711a00000, 0x0000000711a00000| Untracked 
| 203|0x0000000711b00000, 0x0000000711b00000, 0x0000000711c00000|  0%| F|  |TAMS 0x0000000711b00000, 0x0000000711b00000| Untracked 
| 204|0x0000000711c00000, 0x0000000711c00000, 0x0000000711d00000|  0%| F|  |TAMS 0x0000000711c00000, 0x0000000711c00000| Untracked 
| 205|0x0000000711d00000, 0x0000000711d00000, 0x0000000711e00000|  0%| F|  |TAMS 0x0000000711d00000, 0x0000000711d00000| Untracked 
| 206|0x0000000711e00000, 0x0000000711e00000, 0x0000000711f00000|  0%| F|  |TAMS 0x0000000711e00000, 0x0000000711e00000| Untracked 
| 207|0x0000000711f00000, 0x0000000711f00000, 0x0000000712000000|  0%| F|  |TAMS 0x0000000711f00000, 0x0000000711f00000| Untracked 
| 208|0x0000000712000000, 0x0000000712000000, 0x0000000712100000|  0%| F|  |TAMS 0x0000000712000000, 0x0000000712000000| Untracked 
| 209|0x0000000712100000, 0x0000000712100000, 0x0000000712200000|  0%| F|  |TAMS 0x0000000712100000, 0x0000000712100000| Untracked 
| 210|0x0000000712200000, 0x0000000712200000, 0x0000000712300000|  0%| F|  |TAMS 0x0000000712200000, 0x0000000712200000| Untracked 
| 211|0x0000000712300000, 0x0000000712300000, 0x0000000712400000|  0%| F|  |TAMS 0x0000000712300000, 0x0000000712300000| Untracked 
| 212|0x0000000712400000, 0x0000000712400000, 0x0000000712500000|  0%| F|  |TAMS 0x0000000712400000, 0x0000000712400000| Untracked 
| 213|0x0000000712500000, 0x0000000712500000, 0x0000000712600000|  0%| F|  |TAMS 0x0000000712500000, 0x0000000712500000| Untracked 
| 214|0x0000000712600000, 0x0000000712600000, 0x0000000712700000|  0%| F|  |TAMS 0x0000000712600000, 0x0000000712600000| Untracked 
| 215|0x0000000712700000, 0x0000000712700000, 0x0000000712800000|  0%| F|  |TAMS 0x0000000712700000, 0x0000000712700000| Untracked 
| 216|0x0000000712800000, 0x0000000712800000, 0x0000000712900000|  0%| F|  |TAMS 0x0000000712800000, 0x0000000712800000| Untracked 
| 217|0x0000000712900000, 0x0000000712900000, 0x0000000712a00000|  0%| F|  |TAMS 0x0000000712900000, 0x0000000712900000| Untracked 
| 218|0x0000000712a00000, 0x0000000712b00000, 0x0000000712b00000|100%| E|  |TAMS 0x0000000712a00000, 0x0000000712a00000| Complete 
| 219|0x0000000712b00000, 0x0000000712c00000, 0x0000000712c00000|100%| E|CS|TAMS 0x0000000712b00000, 0x0000000712b00000| Complete 
| 220|0x0000000712c00000, 0x0000000712d00000, 0x0000000712d00000|100%| E|CS|TAMS 0x0000000712c00000, 0x0000000712c00000| Complete 
| 221|0x0000000712d00000, 0x0000000712e00000, 0x0000000712e00000|100%| E|CS|TAMS 0x0000000712d00000, 0x0000000712d00000| Complete 
| 222|0x0000000712e00000, 0x0000000712f00000, 0x0000000712f00000|100%| E|CS|TAMS 0x0000000712e00000, 0x0000000712e00000| Complete 
| 223|0x0000000712f00000, 0x0000000713000000, 0x0000000713000000|100%| E|CS|TAMS 0x0000000712f00000, 0x0000000712f00000| Complete 
| 224|0x0000000713000000, 0x0000000713100000, 0x0000000713100000|100%| E|CS|TAMS 0x0000000713000000, 0x0000000713000000| Complete 
| 225|0x0000000713100000, 0x0000000713200000, 0x0000000713200000|100%| E|CS|TAMS 0x0000000713100000, 0x0000000713100000| Complete 
| 226|0x0000000713200000, 0x0000000713300000, 0x0000000713300000|100%| E|CS|TAMS 0x0000000713200000, 0x0000000713200000| Complete 
| 227|0x0000000713300000, 0x0000000713400000, 0x0000000713400000|100%| E|CS|TAMS 0x0000000713300000, 0x0000000713300000| Complete 
| 228|0x0000000713400000, 0x0000000713500000, 0x0000000713500000|100%| E|CS|TAMS 0x0000000713400000, 0x0000000713400000| Complete 
| 229|0x0000000713500000, 0x0000000713600000, 0x0000000713600000|100%| E|CS|TAMS 0x0000000713500000, 0x0000000713500000| Complete 
| 230|0x0000000713600000, 0x0000000713700000, 0x0000000713700000|100%| E|CS|TAMS 0x0000000713600000, 0x0000000713600000| Complete 
| 231|0x0000000713700000, 0x0000000713800000, 0x0000000713800000|100%| E|CS|TAMS 0x0000000713700000, 0x0000000713700000| Complete 
| 232|0x0000000713800000, 0x0000000713900000, 0x0000000713900000|100%| E|CS|TAMS 0x0000000713800000, 0x0000000713800000| Complete 
| 233|0x0000000713900000, 0x0000000713a00000, 0x0000000713a00000|100%| E|CS|TAMS 0x0000000713900000, 0x0000000713900000| Complete 
| 234|0x0000000713a00000, 0x0000000713b00000, 0x0000000713b00000|100%| E|CS|TAMS 0x0000000713a00000, 0x0000000713a00000| Complete 
| 235|0x0000000713b00000, 0x0000000713c00000, 0x0000000713c00000|100%| E|CS|TAMS 0x0000000713b00000, 0x0000000713b00000| Complete 
| 236|0x0000000713c00000, 0x0000000713d00000, 0x0000000713d00000|100%| E|CS|TAMS 0x0000000713c00000, 0x0000000713c00000| Complete 
| 237|0x0000000713d00000, 0x0000000713e00000, 0x0000000713e00000|100%| E|CS|TAMS 0x0000000713d00000, 0x0000000713d00000| Complete 
| 238|0x0000000713e00000, 0x0000000713f00000, 0x0000000713f00000|100%| E|CS|TAMS 0x0000000713e00000, 0x0000000713e00000| Complete 
| 239|0x0000000713f00000, 0x0000000714000000, 0x0000000714000000|100%| E|CS|TAMS 0x0000000713f00000, 0x0000000713f00000| Complete 
| 240|0x0000000714000000, 0x0000000714100000, 0x0000000714100000|100%| E|CS|TAMS 0x0000000714000000, 0x0000000714000000| Complete 
| 241|0x0000000714100000, 0x0000000714200000, 0x0000000714200000|100%| E|CS|TAMS 0x0000000714100000, 0x0000000714100000| Complete 
| 242|0x0000000714200000, 0x0000000714300000, 0x0000000714300000|100%| E|CS|TAMS 0x0000000714200000, 0x0000000714200000| Complete 
| 243|0x0000000714300000, 0x0000000714400000, 0x0000000714400000|100%| E|CS|TAMS 0x0000000714300000, 0x0000000714300000| Complete 
| 244|0x0000000714400000, 0x0000000714500000, 0x0000000714500000|100%| E|CS|TAMS 0x0000000714400000, 0x0000000714400000| Complete 
| 245|0x0000000714500000, 0x0000000714600000, 0x0000000714600000|100%| E|CS|TAMS 0x0000000714500000, 0x0000000714500000| Complete 
| 246|0x0000000714600000, 0x0000000714700000, 0x0000000714700000|100%| E|CS|TAMS 0x0000000714600000, 0x0000000714600000| Complete 
| 247|0x0000000714700000, 0x0000000714800000, 0x0000000714800000|100%| E|CS|TAMS 0x0000000714700000, 0x0000000714700000| Complete 
| 248|0x0000000714800000, 0x0000000714900000, 0x0000000714900000|100%| E|CS|TAMS 0x0000000714800000, 0x0000000714800000| Complete 
| 249|0x0000000714900000, 0x0000000714a00000, 0x0000000714a00000|100%| E|CS|TAMS 0x0000000714900000, 0x0000000714900000| Complete 
| 250|0x0000000714a00000, 0x0000000714b00000, 0x0000000714b00000|100%| E|CS|TAMS 0x0000000714a00000, 0x0000000714a00000| Complete 
| 251|0x0000000714b00000, 0x0000000714c00000, 0x0000000714c00000|100%| E|CS|TAMS 0x0000000714b00000, 0x0000000714b00000| Complete 
| 252|0x0000000714c00000, 0x0000000714d00000, 0x0000000714d00000|100%| E|CS|TAMS 0x0000000714c00000, 0x0000000714c00000| Complete 
| 253|0x0000000714d00000, 0x0000000714e00000, 0x0000000714e00000|100%| E|CS|TAMS 0x0000000714d00000, 0x0000000714d00000| Complete 
| 254|0x0000000714e00000, 0x0000000714f00000, 0x0000000714f00000|100%| E|CS|TAMS 0x0000000714e00000, 0x0000000714e00000| Complete 
| 255|0x0000000714f00000, 0x0000000715000000, 0x0000000715000000|100%| E|CS|TAMS 0x0000000714f00000, 0x0000000714f00000| Complete 
| 256|0x0000000715000000, 0x0000000715100000, 0x0000000715100000|100%| E|CS|TAMS 0x0000000715000000, 0x0000000715000000| Complete 
| 257|0x0000000715100000, 0x0000000715200000, 0x0000000715200000|100%| E|CS|TAMS 0x0000000715100000, 0x0000000715100000| Complete 
| 258|0x0000000715200000, 0x0000000715300000, 0x0000000715300000|100%| E|CS|TAMS 0x0000000715200000, 0x0000000715200000| Complete 
| 259|0x0000000715300000, 0x0000000715400000, 0x0000000715400000|100%| E|CS|TAMS 0x0000000715300000, 0x0000000715300000| Complete 
| 260|0x0000000715400000, 0x0000000715500000, 0x0000000715500000|100%| E|CS|TAMS 0x0000000715400000, 0x0000000715400000| Complete 
| 261|0x0000000715500000, 0x0000000715600000, 0x0000000715600000|100%| E|CS|TAMS 0x0000000715500000, 0x0000000715500000| Complete 
| 262|0x0000000715600000, 0x0000000715700000, 0x0000000715700000|100%| E|CS|TAMS 0x0000000715600000, 0x0000000715600000| Complete 
| 263|0x0000000715700000, 0x0000000715800000, 0x0000000715800000|100%| E|CS|TAMS 0x0000000715700000, 0x0000000715700000| Complete 
| 264|0x0000000715800000, 0x0000000715900000, 0x0000000715900000|100%| E|CS|TAMS 0x0000000715800000, 0x0000000715800000| Complete 
| 265|0x0000000715900000, 0x0000000715a00000, 0x0000000715a00000|100%| E|CS|TAMS 0x0000000715900000, 0x0000000715900000| Complete 
| 266|0x0000000715a00000, 0x0000000715b00000, 0x0000000715b00000|100%| E|CS|TAMS 0x0000000715a00000, 0x0000000715a00000| Complete 
| 267|0x0000000715b00000, 0x0000000715c00000, 0x0000000715c00000|100%| E|CS|TAMS 0x0000000715b00000, 0x0000000715b00000| Complete 
| 268|0x0000000715c00000, 0x0000000715d00000, 0x0000000715d00000|100%| E|CS|TAMS 0x0000000715c00000, 0x0000000715c00000| Complete 
| 269|0x0000000715d00000, 0x0000000715e00000, 0x0000000715e00000|100%| E|CS|TAMS 0x0000000715d00000, 0x0000000715d00000| Complete 
| 270|0x0000000715e00000, 0x0000000715f00000, 0x0000000715f00000|100%| E|CS|TAMS 0x0000000715e00000, 0x0000000715e00000| Complete 
| 271|0x0000000715f00000, 0x0000000716000000, 0x0000000716000000|100%| E|CS|TAMS 0x0000000715f00000, 0x0000000715f00000| Complete 
| 272|0x0000000716000000, 0x0000000716100000, 0x0000000716100000|100%| E|CS|TAMS 0x0000000716000000, 0x0000000716000000| Complete 
| 273|0x0000000716100000, 0x0000000716200000, 0x0000000716200000|100%| E|CS|TAMS 0x0000000716100000, 0x0000000716100000| Complete 
| 274|0x0000000716200000, 0x0000000716300000, 0x0000000716300000|100%| E|CS|TAMS 0x0000000716200000, 0x0000000716200000| Complete 
| 275|0x0000000716300000, 0x0000000716400000, 0x0000000716400000|100%| E|CS|TAMS 0x0000000716300000, 0x0000000716300000| Complete 
| 276|0x0000000716400000, 0x0000000716500000, 0x0000000716500000|100%| E|CS|TAMS 0x0000000716400000, 0x0000000716400000| Complete 
| 277|0x0000000716500000, 0x0000000716600000, 0x0000000716600000|100%| E|CS|TAMS 0x0000000716500000, 0x0000000716500000| Complete 
| 278|0x0000000716600000, 0x0000000716700000, 0x0000000716700000|100%| E|CS|TAMS 0x0000000716600000, 0x0000000716600000| Complete 
| 279|0x0000000716700000, 0x0000000716800000, 0x0000000716800000|100%| E|CS|TAMS 0x0000000716700000, 0x0000000716700000| Complete 
| 280|0x0000000716800000, 0x0000000716900000, 0x0000000716900000|100%| E|CS|TAMS 0x0000000716800000, 0x0000000716800000| Complete 
| 281|0x0000000716900000, 0x0000000716a00000, 0x0000000716a00000|100%| E|CS|TAMS 0x0000000716900000, 0x0000000716900000| Complete 
| 282|0x0000000716a00000, 0x0000000716b00000, 0x0000000716b00000|100%| E|CS|TAMS 0x0000000716a00000, 0x0000000716a00000| Complete 
| 283|0x0000000716b00000, 0x0000000716c00000, 0x0000000716c00000|100%| E|CS|TAMS 0x0000000716b00000, 0x0000000716b00000| Complete 
| 284|0x0000000716c00000, 0x0000000716d00000, 0x0000000716d00000|100%| E|CS|TAMS 0x0000000716c00000, 0x0000000716c00000| Complete 
| 285|0x0000000716d00000, 0x0000000716e00000, 0x0000000716e00000|100%| E|CS|TAMS 0x0000000716d00000, 0x0000000716d00000| Complete 
| 286|0x0000000716e00000, 0x0000000716f00000, 0x0000000716f00000|100%| E|CS|TAMS 0x0000000716e00000, 0x0000000716e00000| Complete 
| 287|0x0000000716f00000, 0x0000000717000000, 0x0000000717000000|100%| E|CS|TAMS 0x0000000716f00000, 0x0000000716f00000| Complete 
| 288|0x0000000717000000, 0x0000000717100000, 0x0000000717100000|100%| E|CS|TAMS 0x0000000717000000, 0x0000000717000000| Complete 
| 289|0x0000000717100000, 0x0000000717200000, 0x0000000717200000|100%| E|CS|TAMS 0x0000000717100000, 0x0000000717100000| Complete 
| 290|0x0000000717200000, 0x0000000717300000, 0x0000000717300000|100%| E|CS|TAMS 0x0000000717200000, 0x0000000717200000| Complete 
| 291|0x0000000717300000, 0x0000000717400000, 0x0000000717400000|100%| E|CS|TAMS 0x0000000717300000, 0x0000000717300000| Complete 
| 292|0x0000000717400000, 0x0000000717500000, 0x0000000717500000|100%| E|CS|TAMS 0x0000000717400000, 0x0000000717400000| Complete 
| 293|0x0000000717500000, 0x0000000717600000, 0x0000000717600000|100%| E|CS|TAMS 0x0000000717500000, 0x0000000717500000| Complete 
| 294|0x0000000717600000, 0x0000000717700000, 0x0000000717700000|100%| E|CS|TAMS 0x0000000717600000, 0x0000000717600000| Complete 
| 295|0x0000000717700000, 0x0000000717800000, 0x0000000717800000|100%| E|CS|TAMS 0x0000000717700000, 0x0000000717700000| Complete 
| 296|0x0000000717800000, 0x0000000717900000, 0x0000000717900000|100%| E|CS|TAMS 0x0000000717800000, 0x0000000717800000| Complete 
| 297|0x0000000717900000, 0x0000000717a00000, 0x0000000717a00000|100%| E|CS|TAMS 0x0000000717900000, 0x0000000717900000| Complete 
| 298|0x0000000717a00000, 0x0000000717b00000, 0x0000000717b00000|100%| E|CS|TAMS 0x0000000717a00000, 0x0000000717a00000| Complete 
| 299|0x0000000717b00000, 0x0000000717c00000, 0x0000000717c00000|100%| E|CS|TAMS 0x0000000717b00000, 0x0000000717b00000| Complete 
| 300|0x0000000717c00000, 0x0000000717d00000, 0x0000000717d00000|100%| E|CS|TAMS 0x0000000717c00000, 0x0000000717c00000| Complete 
| 301|0x0000000717d00000, 0x0000000717e00000, 0x0000000717e00000|100%| E|CS|TAMS 0x0000000717d00000, 0x0000000717d00000| Complete 
| 302|0x0000000717e00000, 0x0000000717f00000, 0x0000000717f00000|100%| E|CS|TAMS 0x0000000717e00000, 0x0000000717e00000| Complete 

Card table byte_map: [0x0000021ff3050000,0x0000021ff3830000] _byte_map_base: 0x0000021fef828000

Marking Bits (Prev, Next): (CMBitMap*) 0x0000021fd91d0fd0, (CMBitMap*) 0x0000021fd91d0f98
 Prev Bits: [0x0000021ff7ed0000, 0x0000021ffbd90000)
 Next Bits: [0x0000021ff4010000, 0x0000021ff7ed0000)

Polling page: 0x0000021fd9240000

Metaspace:

Usage:
  Non-class:     69.67 MB capacity,    68.46 MB ( 98%) used,   969.22 KB (  1%) free+waste,   261.19 KB ( <1%) overhead. 
      Class:     10.82 MB capacity,    10.01 MB ( 92%) used,   710.49 KB (  6%) free+waste,   121.19 KB (  1%) overhead. 
       Both:     80.49 MB capacity,    78.47 MB ( 97%) used,     1.64 MB (  2%) free+waste,   382.38 KB ( <1%) overhead. 

Virtual space:
  Non-class space:       70.00 MB reserved,      69.75 MB (>99%) committed 
      Class space:        1.00 GB reserved,      10.88 MB (  1%) committed 
             Both:        1.07 GB reserved,      80.63 MB (  7%) committed 

Chunk freelists:
   Non-Class:  2.88 KB
       Class:  2.88 KB
        Both:  5.75 KB

CodeHeap 'non-profiled nmethods': size=120000Kb used=5403Kb max_used=5403Kb free=114596Kb
 bounds [0x0000021fea8d0000, 0x0000021feae20000, 0x0000021ff1e00000]
CodeHeap 'profiled nmethods': size=120000Kb used=15753Kb max_used=15753Kb free=104246Kb
 bounds [0x0000021fe33a0000, 0x0000021fe4310000, 0x0000021fea8d0000]
CodeHeap 'non-nmethods': size=5760Kb used=1288Kb max_used=1342Kb free=4471Kb
 bounds [0x0000021fe2e00000, 0x0000021fe3070000, 0x0000021fe33a0000]
 total_blobs=7796 nmethods=7143 adapters=563
 compilation: enabled
              stopped_count=0, restarted_count=0
 full_count=0

Compilation events (10 events):
Event: 40.119 Thread 0x0000021fff23a000 7224       1       com.mysql.cj.protocol.a.PacketSplitter::getOffset (5 bytes)
Event: 40.119 Thread 0x0000021fff23a000 nmethod 7224 0x0000021feae15910 code [0x0000021feae15aa0, 0x0000021feae15b58]
Event: 40.153 Thread 0x0000021fff23a000 7226       3       org.springframework.core.annotation.AnnotationTypeMapping::addConventionAnnotationValues (112 bytes)
Event: 40.154 Thread 0x0000021fff23a000 nmethod 7226 0x0000021fe42f8d10 code [0x0000021fe42f8f40, 0x0000021fe42f96a8]
Event: 40.162 Thread 0x0000021fff23a000 7227       3       java.util.regex.Pattern$TreeInfo::reset (21 bytes)
Event: 40.162 Thread 0x0000021fff23a000 nmethod 7227 0x0000021fe42f9a10 code [0x0000021fe42f9ba0, 0x0000021fe42f9cb8]
Event: 40.174 Thread 0x0000021fff23a000 7228       3       java.lang.reflect.Executable::synthesizeAllParams (57 bytes)
Event: 40.176 Thread 0x0000021fff23a000 nmethod 7228 0x0000021fe42f9d90 code [0x0000021fe42fa020, 0x0000021fe42fadb8]
Event: 40.176 Thread 0x0000021fff23a000 7229       3       com.fasterxml.jackson.databind.AnnotationIntrospector::_findAnnotation (6 bytes)
Event: 40.176 Thread 0x0000021fff23a000 nmethod 7229 0x0000021fe42fb210 code [0x0000021fe42fb3c0, 0x0000021fe42fb588]

GC Heap History (10 events):
Event: 2.337 GC heap before
{Heap before GC invocations=4 (full 0):
 garbage-first heap   total 258048K, used 157017K [0x0000000705000000, 0x0000000800000000)
  region size 1024K, 151 young (154624K), 6 survivors (6144K)
 Metaspace       used 32750K, capacity 33608K, committed 33792K, reserved 1079296K
  class space    used 3873K, capacity 4226K, committed 4352K, reserved 1048576K
}
Event: 2.344 GC heap after
{Heap after GC invocations=5 (full 0):
 garbage-first heap   total 258048K, used 13525K [0x0000000705000000, 0x0000000800000000)
  region size 1024K, 10 young (10240K), 10 survivors (10240K)
 Metaspace       used 32750K, capacity 33608K, committed 33792K, reserved 1079296K
  class space    used 3873K, capacity 4226K, committed 4352K, reserved 1048576K
}
Event: 2.666 GC heap before
{Heap before GC invocations=5 (full 0):
 garbage-first heap   total 258048K, used 32981K [0x0000000705000000, 0x0000000800000000)
  region size 1024K, 30 young (30720K), 10 survivors (10240K)
 Metaspace       used 34833K, capacity 35724K, committed 35840K, reserved 1081344K
  class space    used 4141K, capacity 4524K, committed 4608K, reserved 1048576K
}
Event: 2.675 GC heap after
{Heap after GC invocations=6 (full 0):
 garbage-first heap   total 258048K, used 14578K [0x0000000705000000, 0x0000000800000000)
  region size 1024K, 11 young (11264K), 11 survivors (11264K)
 Metaspace       used 34833K, capacity 35724K, committed 35840K, reserved 1081344K
  class space    used 4141K, capacity 4524K, committed 4608K, reserved 1048576K
}
Event: 3.769 GC heap before
{Heap before GC invocations=7 (full 0):
 garbage-first heap   total 258048K, used 156914K [0x0000000705000000, 0x0000000800000000)
  region size 1024K, 151 young (154624K), 11 survivors (11264K)
 Metaspace       used 41654K, capacity 42793K, committed 43008K, reserved 1087488K
  class space    used 5046K, capacity 5507K, committed 5632K, reserved 1048576K
}
Event: 3.781 GC heap after
{Heap after GC invocations=8 (full 0):
 garbage-first heap   total 258048K, used 18216K [0x0000000705000000, 0x0000000800000000)
  region size 1024K, 11 young (11264K), 11 survivors (11264K)
 Metaspace       used 41654K, capacity 42793K, committed 43008K, reserved 1087488K
  class space    used 5046K, capacity 5507K, committed 5632K, reserved 1048576K
}
Event: 5.238 GC heap before
{Heap before GC invocations=8 (full 0):
 garbage-first heap   total 258048K, used 117544K [0x0000000705000000, 0x0000000800000000)
  region size 1024K, 109 young (111616K), 11 survivors (11264K)
 Metaspace       used 58610K, capacity 60015K, committed 60160K, reserved 1101824K
  class space    used 7395K, capacity 7963K, committed 8064K, reserved 1048576K
}
Event: 5.254 GC heap after
{Heap after GC invocations=9 (full 0):
 garbage-first heap   total 310272K, used 23565K [0x0000000705000000, 0x0000000800000000)
  region size 1024K, 14 young (14336K), 14 survivors (14336K)
 Metaspace       used 58610K, capacity 60015K, committed 60160K, reserved 1101824K
  class space    used 7395K, capacity 7963K, committed 8064K, reserved 1048576K
}
Event: 7.711 GC heap before
{Heap before GC invocations=10 (full 0):
 garbage-first heap   total 310272K, used 193549K [0x0000000705000000, 0x0000000800000000)
  region size 1024K, 181 young (185344K), 14 survivors (14336K)
 Metaspace       used 70572K, capacity 72373K, committed 72576K, reserved 1112064K
  class space    used 9021K, capacity 9729K, committed 9856K, reserved 1048576K
}
Event: 7.730 GC heap after
{Heap after GC invocations=11 (full 0):
 garbage-first heap   total 310272K, used 28400K [0x0000000705000000, 0x0000000800000000)
  region size 1024K, 15 young (15360K), 15 survivors (15360K)
 Metaspace       used 70572K, capacity 72373K, committed 72576K, reserved 1112064K
  class space    used 9021K, capacity 9729K, committed 9856K, reserved 1048576K
}

Deoptimization events (10 events):
Event: 22.271 Thread 0x0000021f80b98800 Uncommon trap: reason=unstable_if action=reinterpret pc=0x0000021feaa7ea84 method=java.util.StringTokenizer.skipDelimiters(I)I @ 21 c2
Event: 22.271 Thread 0x0000021f80b98800 Uncommon trap: reason=unstable_if action=reinterpret pc=0x0000021feaa6b7a4 method=java.util.StringTokenizer.scanToken(I)I @ 96 c2
Event: 22.271 Thread 0x0000021f80b98800 Uncommon trap: reason=unstable_if action=reinterpret pc=0x0000021feaca3eb4 method=java.util.StringTokenizer.skipDelimiters(I)I @ 21 c2
Event: 22.328 Thread 0x0000021f80b98800 Uncommon trap: reason=unstable_if action=reinterpret pc=0x0000021fea8e0d64 method=java.lang.CharacterData.of(I)Ljava/lang/CharacterData; @ 4 c2
Event: 22.335 Thread 0x0000021f80b98800 Uncommon trap: reason=unstable_if action=reinterpret pc=0x0000021feab926f4 method=java.util.regex.Pattern$BmpCharProperty.match(Ljava/util/regex/Matcher;ILjava/lang/CharSequence;)Z @ 39 c2
Event: 22.823 Thread 0x0000021f80b98800 Uncommon trap: reason=class_check action=maybe_recompile pc=0x0000021feadda140 method=java.util.concurrent.ConcurrentHashMap.putVal(Ljava/lang/Object;Ljava/lang/Object;Z)Ljava/lang/Object; @ 159 c2
Event: 39.797 Thread 0x0000021f80b97800 Uncommon trap: reason=class_check action=maybe_recompile pc=0x0000021feadda140 method=java.util.concurrent.ConcurrentHashMap.putVal(Ljava/lang/Object;Ljava/lang/Object;Z)Ljava/lang/Object; @ 159 c2
Event: 40.165 Thread 0x0000021f80b97800 Uncommon trap: reason=unstable_if action=reinterpret pc=0x0000021fea95c778 method=java.util.Objects.equals(Ljava/lang/Object;Ljava/lang/Object;)Z @ 6 c2
Event: 40.172 Thread 0x0000021f80b97800 Uncommon trap: reason=speculate_class_check action=maybe_recompile pc=0x0000021feada663c method=java.lang.reflect.Executable.declaredAnnotations()Ljava/util/Map; @ 23 c2
Event: 40.172 Thread 0x0000021f80b97800 Uncommon trap: reason=speculate_class_check action=maybe_recompile pc=0x0000021feada663c method=java.lang.reflect.Executable.declaredAnnotations()Ljava/util/Map; @ 23 c2

Classes redefined (0 events):
No events

Internal exceptions (10 events):
Event: 7.907 Thread 0x0000021f80758000 Exception <a 'java/lang/ClassNotFoundException'{0x000000071779d660}: org/springframework/security/config/annotation/web/configuration/HttpSecurityConfigurationCustomizer> (0x000000071779d660) thrown at [./open/src/hotspot/share/classfile/systemDictionary.
Event: 7.939 Thread 0x0000021f80758000 Exception <a 'java/lang/NoSuchMethodError'{0x000000071769b1d8}: java.lang.invoke.DirectMethodHandle$Holder.invokeInterface(Ljava/lang/Object;Ljava/lang/Object;Ljava/lang/Object;Ljava/lang/Object;)Ljava/lang/Object;> (0x000000071769b1d8) thrown at [./open/
Event: 8.167 Thread 0x0000021f80758000 Exception <a 'java/lang/NoSuchMethodError'{0x0000000716ca33f8}: java.lang.invoke.DirectMethodHandle$Holder.invokeVirtual(Ljava/lang/Object;Ljava/lang/Object;I)V> (0x0000000716ca33f8) thrown at [./open/src/hotspot/share/interpreter/linkResolver.cpp, line 7
Event: 8.170 Thread 0x0000021f80758000 Exception <a 'java/lang/NoSuchMethodError'{0x0000000716cbcfb0}: java.lang.invoke.DirectMethodHandle$Holder.invokeVirtual(Ljava/lang/Object;Ljava/lang/Object;J)V> (0x0000000716cbcfb0) thrown at [./open/src/hotspot/share/interpreter/linkResolver.cpp, line 7
Event: 8.393 Thread 0x0000021f80758000 Exception <a 'java/lang/IncompatibleClassChangeError'{0x00000007164e8570}: Found class java.lang.Object, but interface was expected> (0x00000007164e8570) thrown at [./open/src/hotspot/share/interpreter/linkResolver.cpp, line 838]
Event: 8.723 Thread 0x0000021f80758000 Exception <a 'java/lang/NoSuchMethodError'{0x00000007156de210}: java.lang.invoke.DirectMethodHandle$Holder.invokeSpecial(Ljava/lang/Object;Ljava/lang/Object;ILjava/lang/Object;ILjava/lang/Object;)Ljava/lang/Object;> (0x00000007156de210) thrown at [./open/
Event: 8.723 Thread 0x0000021f80758000 Exception <a 'java/lang/NoSuchMethodError'{0x00000007156e5998}: java.lang.invoke.DirectMethodHandle$Holder.invokeStatic(Ljava/lang/Object;Ljava/lang/Object;ILjava/lang/Object;I)Ljava/lang/Object;> (0x00000007156e5998) thrown at [./open/src/hotspot/share/i
Event: 8.723 Thread 0x0000021f80758000 Exception <a 'java/lang/NoSuchMethodError'{0x00000007156e9170}: java.lang.invoke.DirectMethodHandle$Holder.invokeSpecial(Ljava/lang/Object;Ljava/lang/Object;Ljava/lang/Object;ILjava/lang/Object;I)Ljava/lang/Object;> (0x00000007156e9170) thrown at [./open/
Event: 8.726 Thread 0x0000021f80758000 Exception <a 'java/lang/NoSuchMethodError'{0x00000007156f60e8}: java.lang.invoke.DirectMethodHandle$Holder.invokeVirtual(Ljava/lang/Object;Ljava/lang/Object;)V> (0x00000007156f60e8) thrown at [./open/src/hotspot/share/interpreter/linkResolver.cpp, line 77
Event: 22.583 Thread 0x0000021f80b98800 Exception <a 'java/lang/NoSuchMethodError'{0x00000007135123b8}: java.lang.invoke.DirectMethodHandle$Holder.invokeStaticInit(Ljava/lang/Object;Ljava/lang/Object;Ljava/lang/Object;Ljava/lang/Object;Ljava/lang/Object;Ljava/lang/Object;)Ljava/lang/Object;> (0

Events (10 events):
Event: 40.172 Thread 0x0000021f80b97800 DEOPT UNPACKING pc=0x0000021fe2e083af sp=0x0000003f082fb0c8 mode 2
Event: 40.172 Thread 0x0000021f80b97800 Uncommon trap: trap_request=0xffffff6e fr.pc=0x0000021feada663c relative=0x0000000000000f5c
Event: 40.172 Executing VM operation: RevokeBias
Event: 40.172 Executing VM operation: RevokeBias done
Event: 40.172 Thread 0x0000021f80b97800 DEOPT PACKING pc=0x0000021feada663c sp=0x0000003f082fb110
Event: 40.172 Thread 0x0000021f80b97800 DEOPT UNPACKING pc=0x0000021fe2e083af sp=0x0000003f082fb098 mode 2
Event: 40.172 loading class com/fasterxml/jackson/databind/introspect/MethodGenericTypeResolver
Event: 40.172 loading class com/fasterxml/jackson/databind/introspect/MethodGenericTypeResolver done
Event: 40.176 loading class com/fasterxml/jackson/databind/ser/BeanSerializerBuilder
Event: 40.176 loading class com/fasterxml/jackson/databind/ser/BeanSerializerBuilder done


Dynamic libraries:
0x00007ff60ba40000 - 0x00007ff60ba4f000 	C:\Program Files\Java\jdk-11.0.12\bin\java.exe
0x00007ffd7f510000 - 0x00007ffd7f708000 	C:\windows\SYSTEM32\ntdll.dll
0x00007ffd7d900000 - 0x00007ffd7d9bd000 	C:\windows\System32\KERNEL32.DLL
0x00007ffd7cd70000 - 0x00007ffd7d03e000 	C:\windows\System32\KERNELBASE.dll
0x00007ffd7d470000 - 0x00007ffd7d570000 	C:\windows\System32\ucrtbase.dll
0x00007ffd53f20000 - 0x00007ffd53f38000 	C:\Program Files\Java\jdk-11.0.12\bin\jli.dll
0x00007ffd75c90000 - 0x00007ffd75ca5000 	C:\Program Files\Java\jdk-11.0.12\bin\VCRUNTIME140.dll
0x00007ffd7f340000 - 0x00007ffd7f3ee000 	C:\windows\System32\ADVAPI32.dll
0x00007ffd7d610000 - 0x00007ffd7d6ae000 	C:\windows\System32\msvcrt.dll
0x00007ffd7d570000 - 0x00007ffd7d60c000 	C:\windows\System32\sechost.dll
0x00007ffd7d7c0000 - 0x00007ffd7d8e5000 	C:\windows\System32\RPCRT4.dll
0x00007ffd7f040000 - 0x00007ffd7f1e0000 	C:\windows\System32\USER32.dll
0x00007ffd7d340000 - 0x00007ffd7d362000 	C:\windows\System32\win32u.dll
0x00007ffd626b0000 - 0x00007ffd6294a000 	C:\windows\WinSxS\amd64_microsoft.windows.common-controls_6595b64144ccf1df_6.0.19041.1110_none_60b5254171f9507e\COMCTL32.dll
0x00007ffd7f3f0000 - 0x00007ffd7f41a000 	C:\windows\System32\GDI32.dll
0x00007ffd7d040000 - 0x00007ffd7d14b000 	C:\windows\System32\gdi32full.dll
0x00007ffd7cca0000 - 0x00007ffd7cd3d000 	C:\windows\System32\msvcp_win.dll
0x00007ffd74d10000 - 0x00007ffd74d1a000 	C:\windows\SYSTEM32\VERSION.dll
0x00007ffd7dd20000 - 0x00007ffd7dd50000 	C:\windows\System32\IMM32.DLL
0x00007ffd455f0000 - 0x00007ffd4568b000 	C:\Program Files\Java\jdk-11.0.12\bin\msvcp140.dll
0x00007ffd3ee10000 - 0x00007ffd3f90f000 	C:\Program Files\Java\jdk-11.0.12\bin\server\jvm.dll
0x00007ffd7edd0000 - 0x00007ffd7edd8000 	C:\windows\System32\PSAPI.DLL
0x00007ffd64560000 - 0x00007ffd64587000 	C:\windows\SYSTEM32\WINMM.dll
0x00007ffd5df40000 - 0x00007ffd5df49000 	C:\windows\SYSTEM32\WSOCK32.dll
0x00007ffd7ec70000 - 0x00007ffd7ecdb000 	C:\windows\System32\WS2_32.dll
0x00007ffd7b4c0000 - 0x00007ffd7b4d2000 	C:\windows\SYSTEM32\kernel.appcore.dll
0x00007ffd75c80000 - 0x00007ffd75c90000 	C:\Program Files\Java\jdk-11.0.12\bin\verify.dll
0x00007ffd7b150000 - 0x00007ffd7b334000 	C:\windows\SYSTEM32\DBGHELP.DLL
0x00007ffd64380000 - 0x00007ffd643ac000 	C:\windows\SYSTEM32\dbgcore.DLL
0x00007ffd7d2b0000 - 0x00007ffd7d332000 	C:\windows\System32\bcryptPrimitives.dll
0x00007ffd51890000 - 0x00007ffd518b8000 	C:\Program Files\Java\jdk-11.0.12\bin\java.dll
0x00007ffd54190000 - 0x00007ffd5419a000 	C:\Program Files\Java\jdk-11.0.12\bin\jimage.dll
0x00007ffd53ec0000 - 0x00007ffd53ece000 	C:\Program Files\Java\jdk-11.0.12\bin\instrument.dll
0x00007ffd53890000 - 0x00007ffd538a6000 	C:\Program Files\Java\jdk-11.0.12\bin\zip.dll
0x00007ffd7e520000 - 0x00007ffd7ec64000 	C:\windows\System32\SHELL32.dll
0x00007ffd7a890000 - 0x00007ffd7b024000 	C:\windows\SYSTEM32\windows.storage.dll
0x00007ffd7d9c0000 - 0x00007ffd7dd14000 	C:\windows\System32\combase.dll
0x00007ffd7c690000 - 0x00007ffd7c6c0000 	C:\windows\SYSTEM32\Wldp.dll
0x00007ffd7d6b0000 - 0x00007ffd7d75d000 	C:\windows\System32\SHCORE.dll
0x00007ffd7eeb0000 - 0x00007ffd7ef05000 	C:\windows\System32\shlwapi.dll
0x00007ffd7cb70000 - 0x00007ffd7cb8f000 	C:\windows\SYSTEM32\profapi.dll
0x00007ffd51870000 - 0x00007ffd51889000 	C:\Program Files\Java\jdk-11.0.12\bin\net.dll
0x00007ffd77840000 - 0x00007ffd7794a000 	C:\windows\SYSTEM32\WINHTTP.dll
0x00007ffd7c3f0000 - 0x00007ffd7c45a000 	C:\windows\system32\mswsock.dll
0x00007ffd51750000 - 0x00007ffd51762000 	C:\Program Files\Java\jdk-11.0.12\bin\nio.dll
0x00007ffd51730000 - 0x00007ffd5174a000 	C:\Program Files\JetBrains\IntelliJ IDEA Community Edition 2021.1.3\bin\breakgen64.dll
0x00007ffd51720000 - 0x00007ffd51729000 	C:\Program Files\Java\jdk-11.0.12\bin\management.dll
0x00007ffd51710000 - 0x00007ffd5171b000 	C:\Program Files\Java\jdk-11.0.12\bin\management_ext.dll
0x00007ffd692f0000 - 0x00007ffd69307000 	C:\windows\system32\napinsp.dll
0x00007ffd692d0000 - 0x00007ffd692eb000 	C:\windows\system32\pnrpnsp.dll
0x00007ffd767e0000 - 0x00007ffd767f5000 	C:\windows\system32\wshbth.dll
0x00007ffd78150000 - 0x00007ffd7816d000 	C:\windows\system32\NLAapi.dll
0x00007ffd7c090000 - 0x00007ffd7c0cb000 	C:\windows\SYSTEM32\IPHLPAPI.DLL
0x00007ffd7c0e0000 - 0x00007ffd7c1ab000 	C:\windows\SYSTEM32\DNSAPI.dll
0x00007ffd7d8f0000 - 0x00007ffd7d8f8000 	C:\windows\System32\NSI.dll
0x00007ffd692b0000 - 0x00007ffd692c2000 	C:\windows\System32\winrnr.dll
0x00007ffd707b0000 - 0x00007ffd707ba000 	C:\Windows\System32\rasadhlp.dll
0x00007ffd6bab0000 - 0x00007ffd6bb30000 	C:\windows\System32\fwpuclnt.dll
0x00007ffd7cd40000 - 0x00007ffd7cd67000 	C:\windows\System32\bcrypt.dll
0x00007ffd7c5e0000 - 0x00007ffd7c5f8000 	C:\windows\SYSTEM32\CRYPTSP.dll
0x00007ffd7bd00000 - 0x00007ffd7bd34000 	C:\windows\system32\rsaenh.dll
0x00007ffd7caf0000 - 0x00007ffd7cb1e000 	C:\windows\SYSTEM32\USERENV.dll
0x00007ffd7c600000 - 0x00007ffd7c60c000 	C:\windows\SYSTEM32\CRYPTBASE.dll
0x00007ffd74d40000 - 0x00007ffd74d57000 	C:\windows\SYSTEM32\dhcpcsvc6.DLL
0x00007ffd74d20000 - 0x00007ffd74d3d000 	C:\windows\SYSTEM32\dhcpcsvc.DLL
0x00007ffd45b90000 - 0x00007ffd45bb5000 	C:\Program Files\Java\jdk-11.0.12\bin\sunec.dll
0x00007ffd51700000 - 0x00007ffd5170d000 	C:\Program Files\Java\jdk-11.0.12\bin\sunmscapi.dll
0x00007ffd7d150000 - 0x00007ffd7d2a6000 	C:\windows\System32\CRYPT32.dll
0x00007ffd7c700000 - 0x00007ffd7c727000 	C:\windows\SYSTEM32\ncrypt.dll
0x00007ffd7c6c0000 - 0x00007ffd7c6fb000 	C:\windows\SYSTEM32\NTASN1.dll

dbghelp: loaded successfully - version: 4.0.5 - missing functions: none
symbol engine: initialized successfully - sym options: 0x614 - pdb path: .;C:\Program Files\Java\jdk-11.0.12\bin;C:\windows\SYSTEM32;C:\windows\WinSxS\amd64_microsoft.windows.common-controls_6595b64144ccf1df_6.0.19041.1110_none_60b5254171f9507e;C:\Program Files\Java\jdk-11.0.12\bin\server;C:\Program Files\JetBrains\IntelliJ IDEA Community Edition 2021.1.3\bin

VM Arguments:
jvm_args: -javaagent:C:\Program Files\JetBrains\IntelliJ IDEA Community Edition 2021.1.3\lib\idea_rt.jar=6755:C:\Program Files\JetBrains\IntelliJ IDEA Community Edition 2021.1.3\bin -Dfile.encoding=UTF-8 
java_command: com.dormammu.BooklogWeb.BooklogWebApplication
java_class_path (initial): C:\Users\kate2\Desktop\Book-log-Backend-master\Book-log-Backend\out\production\classes;C:\Users\kate2\Desktop\Book-log-Backend-master\Book-log-Backend\out\production\resources;C:\Users\kate2\.gradle\caches\modules-2\files-2.1\org.springframework.boot\spring-boot-starter-data-jpa\2.6.7\c67c8556deb506677da64cac10c6e4edcff41847\spring-boot-starter-data-jpa-2.6.7.jar;C:\Users\kate2\.gradle\caches\modules-2\files-2.1\org.springframework.boot\spring-boot-starter-oauth2-client\2.6.7\1ff06c10cdc308184481da2d8bc9b9860ef00fc9\spring-boot-starter-oauth2-client-2.6.7.jar;C:\Users\kate2\.gradle\caches\modules-2\files-2.1\org.springframework.boot\spring-boot-starter-security\2.6.7\6a37eec49a7098f87cea63ec9fbc6c5a654ac622\spring-boot-starter-security-2.6.7.jar;C:\Users\kate2\.gradle\caches\modules-2\files-2.1\org.springframework.boot\spring-boot-starter-thymeleaf\2.6.7\d09d0e06d2ac1d0b7eed3da9cc459ab4fa5b50c\spring-boot-starter-thymeleaf-2.6.7.jar;C:\Users\kate2\.gradle\caches\modules-2\files-2.1\org.springframework.boot\spring-boot-starter-web\2.6.7\d877d6b14397f0c4b3a1611149a37eaf47f32195\spring-boot-starter-web-2.6.7.jar;C:\Users\kate2\.gradle\caches\modules-2\files-2.1\org.thymeleaf.extras\thymeleaf-extras-springsecurity5\3.0.4.RELEASE\88bb10bf73ce285208dd848e8eb17f897ebb02d4\thymeleaf-extras-springsecurity5-3.0.4.RELEASE.jar;C:\Users\kate2\.gradle\caches\modules-2\files-2.1\org.springframework.boot\spring-boot-starter-validation\2.6.7\96f28d6d7c122eebc9a68850d4f8edb29c58c2c\spring-boot-starter-validation-2.6.7.jar;C:\Users\kate2\.gradle\caches\modules-2\files-2.1\com.auth0\java-jwt\3.19.0\b2f3b69b71087aa1f713453c778c90b7b8b0d079\java-jwt-3.19.0.jar;C:\Users\kate2\.gradle\caches\modules-2\files-2.1\org.springframework.boot\spring-boot-starter\2.6.7\59bd62cd60e6e7bb2a525931947c13548b207288\spring-boot-starter-2.6.7.jar;C:\Users\kate2\.gradle\caches\modules-2\files-2.1\org.springframework.boot\spring-boot-starter-aop\2.6.7\35c3b25e425476d68a697206f6d
Launcher Type: SUN_STANDARD

[Global flags]
     intx CICompilerCount                          = 4                                         {product} {ergonomic}
     uint ConcGCThreads                            = 2                                         {product} {ergonomic}
     uint G1ConcRefinementThreads                  = 8                                         {product} {ergonomic}
   size_t G1HeapRegionSize                         = 1048576                                   {product} {ergonomic}
    uintx GCDrainStackTargetSize                   = 64                                        {product} {ergonomic}
   size_t InitialHeapSize                          = 264241152                                 {product} {ergonomic}
   size_t MarkStackSize                            = 4194304                                   {product} {ergonomic}
   size_t MaxHeapSize                              = 4211081216                                {product} {ergonomic}
   size_t MaxNewSize                               = 2526019584                                {product} {ergonomic}
   size_t MinHeapDeltaBytes                        = 1048576                                   {product} {ergonomic}
    uintx NonNMethodCodeHeapSize                   = 5836300                                {pd product} {ergonomic}
    uintx NonProfiledCodeHeapSize                  = 122910970                              {pd product} {ergonomic}
    uintx ProfiledCodeHeapSize                     = 122910970                              {pd product} {ergonomic}
    uintx ReservedCodeCacheSize                    = 251658240                              {pd product} {ergonomic}
     bool SegmentedCodeCache                       = true                                      {product} {ergonomic}
     bool UseCompressedClassPointers               = true                                 {lp64_product} {ergonomic}
     bool UseCompressedOops                        = true                                 {lp64_product} {ergonomic}
     bool UseG1GC                                  = true                                      {product} {ergonomic}
     bool UseLargePagesIndividualAllocation        = false                                  {pd product} {ergonomic}

Logging:
Log output configuration:
 #0: stdout all=warning uptime,level,tags
 #1: stderr all=off uptime,level,tags

Environment Variables:
JAVA_HOME=C:\Program Files\Java\jdk-11.0.12
CLASSPATH=C:\Program Files\Java\jdk-11.0.12\lib
PATH=C:\Python310\Scripts\;C:\Python310\;C:\Users\kate2\apache-maven-3.8.3\bin;C:\ProgramData\chocolatey\bin;C:\Program Files\nodejs\;C:\Program Files\Git\cmd;C:\Python310\Scripts;C:\Users\kate2\AppData\Local\Programs\Python\Python39\Scripts;C:\Program Files\MySQL\MySQL Server 8.0\bin;C:\Users\kate2\anaconda3;C:\Users\kate2\anaconda3\Scripts;C:\Users\kate2\anaconda3\Library\bin;C:\Users\kate2\AppData\Local\Programs\Python\Python39\Scripts\;C:\Users\kate2\AppData\Local\Programs\Python\Python39\;C:\Program Files\MySQL\MySQL Shell 8.0\bin\;C:\Users\kate2\AppData\Local\Microsoft\WindowsApps;C:\Users\kate2\AppData\Local\Programs\Microsoft VS Code\bin;C:\Program Files\Java\jdk-11.0.12\bin;C:\Users\kate2\AppData\Roaming\npm;C:\Users\kate2\AppData\Local\JetBrains\Toolbox\scripts
USERNAME=kate2
OS=Windows_NT
PROCESSOR_IDENTIFIER=Intel64 Family 6 Model 140 Stepping 1, GenuineIntel



---------------  S Y S T E M  ---------------

OS: Windows 10 , 64 bit Build 19041 (10.0.19041.1806)

CPU:total 8 (initial active 8) (4 cores per cpu, 2 threads per core) family 6 model 140 stepping 1 microcode 0x9a, cmov, cx8, fxsr, mmx, sse, sse2, sse3, ssse3, sse4.1, sse4.2, popcnt, avx, avx2, aes, clmul, erms, 3dnowpref, lzcnt, ht, tsc, tscinvbit, bmi1, bmi2, adx, evex, sha, fma

Memory: 4k page, system-wide physical 16057M (4686M free)
TotalPageFile size 18960M (AvailPageFile size 4M)
current process WorkingSet (physical memory assigned to process): 432M, peak: 483M
current process commit charge ("private bytes"): 551M, peak: 600M

vm_info: Java HotSpot(TM) 64-Bit Server VM (11.0.12+8-LTS-237) for windows-amd64 JRE (11.0.12+8-LTS-237), built on Jun  8 2021 11:25:59 by "mach5one" with MS VC++ 15.9 (VS2017)

END.
